Traceback (most recent call last):
  File "/Users/n00002621/.local/share/virtualenvs/WFChemCookbook-hyZchOOL/lib/python3.10/site-packages/jupyter_cache/executors/utils.py", line 51, in single_nb_execution
    executenb(
  File "/Users/n00002621/.local/share/virtualenvs/WFChemCookbook-hyZchOOL/lib/python3.10/site-packages/nbclient/client.py", line 1269, in execute
    return NotebookClient(nb=nb, resources=resources, km=km, **kwargs).execute()
  File "/Users/n00002621/.local/share/virtualenvs/WFChemCookbook-hyZchOOL/lib/python3.10/site-packages/nbclient/util.py", line 85, in wrapped
    return just_run(coro(*args, **kwargs))
  File "/Users/n00002621/.local/share/virtualenvs/WFChemCookbook-hyZchOOL/lib/python3.10/site-packages/nbclient/util.py", line 60, in just_run
    return loop.run_until_complete(coro)
  File "/opt/local/Library/Frameworks/Python.framework/Versions/3.10/lib/python3.10/asyncio/base_events.py", line 649, in run_until_complete
    return future.result()
  File "/Users/n00002621/.local/share/virtualenvs/WFChemCookbook-hyZchOOL/lib/python3.10/site-packages/nbclient/client.py", line 707, in async_execute
    await self.async_execute_cell(
  File "/Users/n00002621/.local/share/virtualenvs/WFChemCookbook-hyZchOOL/lib/python3.10/site-packages/nbclient/client.py", line 1025, in async_execute_cell
    await self._check_raise_for_error(cell, cell_index, exec_reply)
  File "/Users/n00002621/.local/share/virtualenvs/WFChemCookbook-hyZchOOL/lib/python3.10/site-packages/nbclient/client.py", line 919, in _check_raise_for_error
    raise CellExecutionError.from_cell_and_msg(cell, exec_reply_content)
nbclient.exceptions.CellExecutionError: An error occurred while executing the following cell:
------------------
# see https://fairsharing.org/API_doc for instructions on how to search the API
from hiddensettings import *
# user login
url = 'https://api.fairsharing.org/users/sign_in'
loghdrs = {'Accept': 'application/json','Content-Type': 'application/json'}
login = {'user': {'login': fs_user, 'password': fs_pass}}
response = requests.request("POST", url, headers=loghdrs, data=json.dumps(login))
data = response.json()
print(data)
------------------

[0;31m---------------------------------------------------------------------------[0m
[0;31mModuleNotFoundError[0m                       Traceback (most recent call last)
Input [0;32mIn [3][0m, in [0;36m<cell line: 2>[0;34m()[0m
[1;32m      1[0m [38;5;66;03m# see https://fairsharing.org/API_doc for instructions on how to search the API[39;00m
[0;32m----> 2[0m [38;5;28;01mfrom[39;00m [38;5;21;01mhiddensettings[39;00m [38;5;28;01mimport[39;00m [38;5;241m*[39m
[1;32m      3[0m [38;5;66;03m# user login[39;00m
[1;32m      4[0m url [38;5;241m=[39m [38;5;124m'[39m[38;5;124mhttps://api.fairsharing.org/users/sign_in[39m[38;5;124m'[39m

[0;31mModuleNotFoundError[0m: No module named 'hiddensettings'
ModuleNotFoundError: No module named 'hiddensettings'

