Traceback (most recent call last):
  File "/opt/hostedtoolcache/Python/3.11.10/x64/lib/python3.11/site-packages/jupyter_cache/executors/utils.py", line 58, in single_nb_execution
    executenb(
  File "/opt/hostedtoolcache/Python/3.11.10/x64/lib/python3.11/site-packages/nbclient/client.py", line 1269, in execute
    return NotebookClient(nb=nb, resources=resources, km=km, **kwargs).execute()
           ^^^^^^^^^^^^^^^^^^^^^^^^^^^^^^^^^^^^^^^^^^^^^^^^^^^^^^^^^^^^^^^^^^^^^
  File "/opt/hostedtoolcache/Python/3.11.10/x64/lib/python3.11/site-packages/nbclient/util.py", line 85, in wrapped
    return just_run(coro(*args, **kwargs))
           ^^^^^^^^^^^^^^^^^^^^^^^^^^^^^^^
  File "/opt/hostedtoolcache/Python/3.11.10/x64/lib/python3.11/site-packages/nbclient/util.py", line 60, in just_run
    return loop.run_until_complete(coro)
           ^^^^^^^^^^^^^^^^^^^^^^^^^^^^^
  File "/opt/hostedtoolcache/Python/3.11.10/x64/lib/python3.11/asyncio/base_events.py", line 654, in run_until_complete
    return future.result()
           ^^^^^^^^^^^^^^^
  File "/opt/hostedtoolcache/Python/3.11.10/x64/lib/python3.11/site-packages/nbclient/client.py", line 707, in async_execute
    await self.async_execute_cell(
  File "/opt/hostedtoolcache/Python/3.11.10/x64/lib/python3.11/site-packages/nbclient/client.py", line 1025, in async_execute_cell
    await self._check_raise_for_error(cell, cell_index, exec_reply)
  File "/opt/hostedtoolcache/Python/3.11.10/x64/lib/python3.11/site-packages/nbclient/client.py", line 919, in _check_raise_for_error
    raise CellExecutionError.from_cell_and_msg(cell, exec_reply_content)
nbclient.exceptions.CellExecutionError: An error occurred while executing the following cell:
------------------
allpath = "https://goldbook.iupac.org/terms/index/all/json"  # URL to the IUPAC Gold Book API down
reqdata = requests.get(allpath)                              # download file in JSON
terms = json.loads(reqdata.content)                          # convert JSON to a Python dictionary
print(str(len(terms['terms']['list'])) + ' terms')           # print the number of terms in the list
------------------

[0;31m---------------------------------------------------------------------------[0m
[0;31mJSONDecodeError[0m                           Traceback (most recent call last)
Cell [0;32mIn[3], line 3[0m
[1;32m      1[0m allpath [38;5;241m=[39m [38;5;124m"[39m[38;5;124mhttps://goldbook.iupac.org/terms/index/all/json[39m[38;5;124m"[39m  [38;5;66;03m# URL to the IUPAC Gold Book API down[39;00m
[1;32m      2[0m reqdata [38;5;241m=[39m requests[38;5;241m.[39mget(allpath)                              [38;5;66;03m# download file in JSON[39;00m
[0;32m----> 3[0m terms [38;5;241m=[39m [43mjson[49m[38;5;241;43m.[39;49m[43mloads[49m[43m([49m[43mreqdata[49m[38;5;241;43m.[39;49m[43mcontent[49m[43m)[49m                          [38;5;66;03m# convert JSON to a Python dictionary[39;00m
[1;32m      4[0m [38;5;28mprint[39m([38;5;28mstr[39m([38;5;28mlen[39m(terms[[38;5;124m'[39m[38;5;124mterms[39m[38;5;124m'[39m][[38;5;124m'[39m[38;5;124mlist[39m[38;5;124m'[39m])) [38;5;241m+[39m [38;5;124m'[39m[38;5;124m terms[39m[38;5;124m'[39m)           [38;5;66;03m# print the number of terms in the list[39;00m

File [0;32m/opt/hostedtoolcache/Python/3.11.10/x64/lib/python3.11/json/__init__.py:346[0m, in [0;36mloads[0;34m(s, cls, object_hook, parse_float, parse_int, parse_constant, object_pairs_hook, **kw)[0m
[1;32m    341[0m     s [38;5;241m=[39m s[38;5;241m.[39mdecode(detect_encoding(s), [38;5;124m'[39m[38;5;124msurrogatepass[39m[38;5;124m'[39m)
[1;32m    343[0m [38;5;28;01mif[39;00m ([38;5;28mcls[39m [38;5;129;01mis[39;00m [38;5;28;01mNone[39;00m [38;5;129;01mand[39;00m object_hook [38;5;129;01mis[39;00m [38;5;28;01mNone[39;00m [38;5;129;01mand[39;00m
[1;32m    344[0m         parse_int [38;5;129;01mis[39;00m [38;5;28;01mNone[39;00m [38;5;129;01mand[39;00m parse_float [38;5;129;01mis[39;00m [38;5;28;01mNone[39;00m [38;5;129;01mand[39;00m
[1;32m    345[0m         parse_constant [38;5;129;01mis[39;00m [38;5;28;01mNone[39;00m [38;5;129;01mand[39;00m object_pairs_hook [38;5;129;01mis[39;00m [38;5;28;01mNone[39;00m [38;5;129;01mand[39;00m [38;5;129;01mnot[39;00m kw):
[0;32m--> 346[0m     [38;5;28;01mreturn[39;00m [43m_default_decoder[49m[38;5;241;43m.[39;49m[43mdecode[49m[43m([49m[43ms[49m[43m)[49m
[1;32m    347[0m [38;5;28;01mif[39;00m [38;5;28mcls[39m [38;5;129;01mis[39;00m [38;5;28;01mNone[39;00m:
[1;32m    348[0m     [38;5;28mcls[39m [38;5;241m=[39m JSONDecoder

File [0;32m/opt/hostedtoolcache/Python/3.11.10/x64/lib/python3.11/json/decoder.py:337[0m, in [0;36mJSONDecoder.decode[0;34m(self, s, _w)[0m
[1;32m    332[0m [38;5;28;01mdef[39;00m [38;5;21mdecode[39m([38;5;28mself[39m, s, _w[38;5;241m=[39mWHITESPACE[38;5;241m.[39mmatch):
[1;32m    333[0m [38;5;250m    [39m[38;5;124;03m"""Return the Python representation of ``s`` (a ``str`` instance[39;00m
[1;32m    334[0m [38;5;124;03m    containing a JSON document).[39;00m
[1;32m    335[0m 
[1;32m    336[0m [38;5;124;03m    """[39;00m
[0;32m--> 337[0m     obj, end [38;5;241m=[39m [38;5;28;43mself[39;49m[38;5;241;43m.[39;49m[43mraw_decode[49m[43m([49m[43ms[49m[43m,[49m[43m [49m[43midx[49m[38;5;241;43m=[39;49m[43m_w[49m[43m([49m[43ms[49m[43m,[49m[43m [49m[38;5;241;43m0[39;49m[43m)[49m[38;5;241;43m.[39;49m[43mend[49m[43m([49m[43m)[49m[43m)[49m
[1;32m    338[0m     end [38;5;241m=[39m _w(s, end)[38;5;241m.[39mend()
[1;32m    339[0m     [38;5;28;01mif[39;00m end [38;5;241m!=[39m [38;5;28mlen[39m(s):

File [0;32m/opt/hostedtoolcache/Python/3.11.10/x64/lib/python3.11/json/decoder.py:355[0m, in [0;36mJSONDecoder.raw_decode[0;34m(self, s, idx)[0m
[1;32m    353[0m     obj, end [38;5;241m=[39m [38;5;28mself[39m[38;5;241m.[39mscan_once(s, idx)
[1;32m    354[0m [38;5;28;01mexcept[39;00m [38;5;167;01mStopIteration[39;00m [38;5;28;01mas[39;00m err:
[0;32m--> 355[0m     [38;5;28;01mraise[39;00m JSONDecodeError([38;5;124m"[39m[38;5;124mExpecting value[39m[38;5;124m"[39m, s, err[38;5;241m.[39mvalue) [38;5;28;01mfrom[39;00m [38;5;28;01mNone[39;00m
[1;32m    356[0m [38;5;28;01mreturn[39;00m obj, end

[0;31mJSONDecodeError[0m: Expecting value: line 1 column 1 (char 0)
JSONDecodeError: Expecting value: line 1 column 1 (char 0)

